::1 - - [15/Oct/2025:02:38:24 +0000] "POST /api/v1/auth/register%0A HTTP/1.1" 404 163 "-" "PostmanRuntime/7.48.0"
::1 - - [15/Oct/2025:02:46:45 +0000] "POST /api/v1/auth/register%0A HTTP/1.1" 404 163 "-" "PostmanRuntime/7.48.0"
::1 - - [15/Oct/2025:02:54:53 +0000] "POST /api/v1/auth/register%0A HTTP/1.1" 404 163 "-" "PostmanRuntime/7.48.0"
::1 - - [15/Oct/2025:02:56:06 +0000] "GET /test%0A%0A HTTP/1.1" 404 149 "-" "PostmanRuntime/7.48.0"
::1 - - [15/Oct/2025:02:56:10 +0000] "GET /test%0A%0A HTTP/1.1" 404 149 "-" "PostmanRuntime/7.48.0"
::1 - - [15/Oct/2025:02:56:15 +0000] "GET /test%0A%0A HTTP/1.1" 404 149 "-" "PostmanRuntime/7.48.0"
::1 - - [15/Oct/2025:03:04:25 +0000] "GET /test%0A%0A HTTP/1.1" 404 149 "-" "PostmanRuntime/7.48.0"
::1 - - [15/Oct/2025:03:04:50 +0000] "GET /test%0A%0A HTTP/1.1" 404 149 "-" "PostmanRuntime/7.48.0"
::1 - - [15/Oct/2025:03:04:54 +0000] "GET /test%0A%0A HTTP/1.1" 404 149 "-" "PostmanRuntime/7.48.0"
::1 - - [15/Oct/2025:03:05:23 +0000] "POST /api/v1/auth/register%0A%0A HTTP/1.1" 404 166 "-" "PostmanRuntime/7.48.0"
::1 - - [15/Oct/2025:03:06:08 +0000] "POST /api/v1/auth/register%0A%0A HTTP/1.1" 404 166 "-" "PostmanRuntime/7.48.0"
::1 - - [15/Oct/2025:03:06:31 +0000] "POST /api/v1/auth/register%0A%0A HTTP/1.1" 404 166 "-" "PostmanRuntime/7.48.0"
::1 - - [15/Oct/2025:03:07:02 +0000] "POST /api/v1/auth/register%0A%0A HTTP/1.1" 404 166 "-" "PostmanRuntime/7.48.0"
::1 - - [15/Oct/2025:03:07:47 +0000] "GET /test%0A HTTP/1.1" 404 146 "-" "PostmanRuntime/7.48.0"
::1 - - [15/Oct/2025:03:11:29 +0000] "POST /api/v1/auth/register%0A HTTP/1.1" 404 163 "-" "PostmanRuntime/7.48.0"
::1 - - [15/Oct/2025:03:11:47 +0000] "POST /api/v1/auth/register%0A HTTP/1.1" 404 163 "-" "PostmanRuntime/7.48.0"
::1 - - [15/Oct/2025:03:12:10 +0000] "GET /test HTTP/1.1" 200 42 "-" "Mozilla/5.0 (Windows NT 10.0; Win64; x64) AppleWebKit/537.36 (KHTML, like Gecko) Chrome/141.0.0.0 Safari/537.36"
::1 - - [15/Oct/2025:03:12:10 +0000] "GET /favicon.ico HTTP/1.1" 404 150 "http://localhost:5000/test" "Mozilla/5.0 (Windows NT 10.0; Win64; x64) AppleWebKit/537.36 (KHTML, like Gecko) Chrome/141.0.0.0 Safari/537.36"
::1 - - [15/Oct/2025:03:12:29 +0000] "GET /api/v1/auth/register HTTP/1.1" 404 159 "-" "Mozilla/5.0 (Windows NT 10.0; Win64; x64) AppleWebKit/537.36 (KHTML, like Gecko) Chrome/141.0.0.0 Safari/537.36"
::1 - - [15/Oct/2025:03:12:48 +0000] "GET /test HTTP/1.1" 200 42 "-" "PostmanRuntime/7.48.0"
::1 - - [15/Oct/2025:03:13:47 +0000] "POST /api/v1/auth/register%0A HTTP/1.1" 404 163 "-" "PostmanRuntime/7.48.0"
::1 - - [15/Oct/2025:03:14:01 +0000] "GET /api/v1/auth/login HTTP/1.1" 404 156 "-" "Mozilla/5.0 (Windows NT 10.0; Win64; x64) AppleWebKit/537.36 (KHTML, like Gecko) Chrome/141.0.0.0 Safari/537.36"
::1 - - [15/Oct/2025:03:14:25 +0000] "POST /api/v1/auth/login%0A HTTP/1.1" 404 160 "-" "PostmanRuntime/7.48.0"
::1 - - [15/Oct/2025:03:20:32 +0000] "POST /api/v1/auth/register HTTP/1.1" 201 42 "-" "PostmanRuntime/7.48.0"
::1 - - [15/Oct/2025:03:21:00 +0000] "POST /api/v1/auth/login HTTP/1.1" 200 198 "-" "PostmanRuntime/7.48.0"
